#
# A fatal error has been detected by the Java Runtime Environment:
#
#  EXCEPTION_ACCESS_VIOLATION (0xc0000005) at pc=0x00007ff8510dc4b8, pid=14680, tid=4052
#
# JRE version: OpenJDK Runtime Environment Temurin-21.0.8+9 (21.0.8+9) (build 21.0.8+9-LTS)
# Java VM: OpenJDK 64-Bit Server VM Temurin-21.0.8+9 (21.0.8+9-LTS, mixed mode, sharing, tiered, compressed oops, compressed class ptrs, parallel gc, windows-amd64)
# Problematic frame:
# V  [jvm.dll+0xc4b8]
#
# No core dump will be written. Minidumps are not enabled by default on client versions of Windows
#
# If you would like to submit a bug report, please visit:
#   https://github.com/adoptium/adoptium-support/issues
#

---------------  S U M M A R Y ------------

Command Line: --add-modules=ALL-SYSTEM --add-opens=java.base/java.util=ALL-UNNAMED --add-opens=java.base/java.lang=ALL-UNNAMED --add-opens=java.base/sun.nio.fs=ALL-UNNAMED -Declipse.application=org.eclipse.jdt.ls.core.id1 -Dosgi.bundles.defaultStartLevel=4 -Declipse.product=org.eclipse.jdt.ls.core.product -Djava.import.generatesMetadataFilesAtProjectRoot=false -DDetectVMInstallationsJob.disabled=true -Dfile.encoding=utf8 -XX:+UseParallelGC -XX:GCTimeRatio=4 -XX:AdaptiveSizePolicyWeight=90 -Dsun.zip.disableMemoryMapping=true -Xmx2G -Xms100m -Xlog:disable -javaagent:c:\Users\aluno.den\.vscode\extensions\redhat.java-1.45.0-win32-x64\lombok\lombok-1.18.39-4050.jar -XX:+HeapDumpOnOutOfMemoryError -XX:HeapDumpPath=c:\Users\aluno.den\AppData\Roaming\Code\User\workspaceStorage\a9e5d7464ea72fce68e2cea748165daf\redhat.java -Daether.dependencyCollector.impl=bf c:\Users\aluno.den\.vscode\extensions\redhat.java-1.45.0-win32-x64\server\plugins\org.eclipse.equinox.launcher_1.7.0.v20250519-0528.jar -configuration c:\Users\aluno.den\AppData\Roaming\Code\User\globalStorage\redhat.java\1.45.0\config_win -data c:\Users\aluno.den\AppData\Roaming\Code\User\workspaceStorage\a9e5d7464ea72fce68e2cea748165daf\redhat.java\jdt_ws --pipe=\\.\pipe\lsp-48f23b982aeb5805a2e9209473816630-sock

Host: Intel(R) Core(TM) i5-9400 CPU @ 2.90GHz, 6 cores, 7G,  Windows 11 , 64 bit Build 26100 (10.0.26100.5074)
Time: Thu Oct  2 19:19:19 2025 Hora oficial do Brasil elapsed time: 1608.169008 seconds (0d 0h 26m 48s)

---------------  T H R E A D  ---------------

Current thread (0x0000022fc6b304c0):  WorkerThread "GC Thread#1"    [id=4052, stack(0x000000ad3c000000,0x000000ad3c100000) (1024K)]

Stack: [0x000000ad3c000000,0x000000ad3c100000],  sp=0x000000ad3c0ff7b8,  free space=1021k
Native frames: (J=compiled Java code, j=interpreted, Vv=VM code, C=native code)
V  [jvm.dll+0xc4b8]


siginfo: EXCEPTION_ACCESS_VIOLATION (0xc0000005), reading address 0x000002305ab82efb


Registers:
RAX=0x0000000000000001, RBX=0x00000000d67e27b8, RCX=0x0000000000000000, RDX=0x00000000d5c3a830
RSP=0x000000ad3c0ff7b8, RBP=0x000000ad3c0ff840, RSI=0x00000000d5c3a830, RDI=0x0000022fed39fe00
R8 =0x000002305ab82ef3, R9 =0x0000000000000001, R10=0x0000022f84000000, R11=0x0000022fed39fe00
R12=0x0000000000000010, R13=0x000000000000000c, R14=0x0000022fed39fe00, R15=0x0000000000000000
RIP=0x00007ff8510dc4b8, EFLAGS=0x0000000000010206

XMM[0]=0x0000000d00002708 0x0000000000000001
XMM[1]=0x0000003f00000030 0x0000002100000014
XMM[2]=0x0000003600000034 0x0000003300000032
XMM[3]=0x0000004300000042 0x0000004100000040
XMM[4]=0x0000004c0000004b 0x0000004a00000049
XMM[5]=0x0000004300000041 0x0000003f00000030
XMM[6]=0x0000000000000000 0x0000000000000000
XMM[7]=0x0000000000000000 0x0000000000000000
XMM[8]=0x0000000000000000 0x0000000000000000
XMM[9]=0x0000000000000000 0x0000000000000000
XMM[10]=0x0000000000000000 0x0000000000000000
XMM[11]=0x0000000000000000 0x0000000000000000
XMM[12]=0x0000000000000000 0x0000000000000000
XMM[13]=0x0000000000000000 0x0000000000000000
XMM[14]=0x0000000000000000 0x0000000000000000
XMM[15]=0x0000000000000000 0x0000000000000000
  MXCSR=0x00001fa0


Register to memory mapping:

RAX=0x0000000000000001 is an unknown value
RBX=0x00000000d67e27b8 points into unknown readable memory: 0xd6c383e8d5c3a830 | 30 a8 c3 d5 e8 83 c3 d6
RCX=0x0 is null
RDX=0x00000000d5c3a830 points into unknown readable memory: 0x0000000000000048 | 48 00 00 00 00 00 00 00
RSP=0x000000ad3c0ff7b8 points into unknown readable memory: 0x00007ff8517df1c8 | c8 f1 7d 51 f8 7f 00 00
RBP=0x000000ad3c0ff840 points into unknown readable memory: 0x0000000000000000 | 00 00 00 00 00 00 00 00
RSI=0x00000000d5c3a830 points into unknown readable memory: 0x0000000000000048 | 48 00 00 00 00 00 00 00
RDI=0x0000022fed39fe00 points into unknown readable memory: 0x00007ff851b62888 | 88 28 b6 51 f8 7f 00 00
R8 =0x000002305ab82ef3 is an unknown value
R9 =0x0000000000000001 is an unknown value
R10=0x0000022f84000000 is pointing into metadata
R11=0x0000022fed39fe00 points into unknown readable memory: 0x00007ff851b62888 | 88 28 b6 51 f8 7f 00 00
R12=0x0000000000000010 is an unknown value
R13=0x000000000000000c is an unknown value
R14=0x0000022fed39fe00 points into unknown readable memory: 0x00007ff851b62888 | 88 28 b6 51 f8 7f 00 00
R15=0x0 is null

Top of Stack: (sp=0x000000ad3c0ff7b8)
0x000000ad3c0ff7b8:   00007ff8517df1c8 0000022fed39fe00
0x000000ad3c0ff7c8:   000000ad3c0ff870 00000000d567dc98
0x000000ad3c0ff7d8:   000000ad3bbe12d8 00000000d6bb3fa8
0x000000ad3c0ff7e8:   00007ff8517df6cd ffffffffffffffff
0x000000ad3c0ff7f8:   0000022fed39fe00 00000000a3ee33c8
0x000000ad3c0ff808:   0000000000000400 00000000d6c34000
0x000000ad3c0ff818:   0000000000001000 0000000000060000
0x000000ad3c0ff828:   0000022feb0b26f0 000000000000000c
0x000000ad3c0ff838:   0000000000000010 0000000000000000
0x000000ad3c0ff848:   0000000000000005 0000022fed39fe00
0x000000ad3c0ff858:   0000000000000ec1 0000000000000000
0x000000ad3c0ff868:   00007ff8517dffb9 00000000d67e27bc
0x000000ad3c0ff878:   00007ff851409a92 0000000000000048
0x000000ad3c0ff888:   0000000000000000 000000ad3b4fee88
0x000000ad3c0ff898:   0000000000000005 0000022fc6421e10
0x000000ad3c0ff8a8:   0000000000000005 0000000000000005
0x000000ad3c0ff8b8:   000000ad3b4feee0 0000000000000000
0x000000ad3c0ff8c8:   00007ff8517e2625 0000022fed39fe00
0x000000ad3c0ff8d8:   0000000000000000 000000ad3b4feee0
0x000000ad3c0ff8e8:   0000022fed39fe00 000000ad3b4fed80
0x000000ad3c0ff8f8:   00007ff8517e2acf 0000022fed39fe00
0x000000ad3c0ff908:   000000ad3c0ff999 00000000d5b8ece2
0x000000ad3c0ff918:   000000ad3b4feec0 0000022fed39fe00
0x000000ad3c0ff928:   0000000000000005 0000000000000006
0x000000ad3c0ff938:   00007ff8517ac7ee 0000022fed39fe00
0x000000ad3c0ff948:   00007ff800000005 00007ff851b62b68
0x000000ad3c0ff958:   0000022fed39fe00 000000ad3b4fed80
0x000000ad3c0ff968:   0000022fed3e1520 00000000000003d8
0x000000ad3c0ff978:   0000022fed3e1530 0000022fed3e1908
0x000000ad3c0ff988:   00007ff851b62b58 0000000000000005
0x000000ad3c0ff998:   0000000000000000 0000000000000000
0x000000ad3c0ff9a8:   0000000000000000 0000000000000000 

Instructions: (pc=0x00007ff8510dc4b8)
0x00007ff8510dc3b8:   8b 5c 24 30 48 8b c2 48 83 c4 20 5f c3 cc cc cc
0x00007ff8510dc3c8:   cc cc cc cc cc cc cc cc 48 8b 11 e9 08 f6 ff ff
0x00007ff8510dc3d8:   cc cc cc cc cc cc cc cc 4c 8b c1 ba 64 60 08 00
0x00007ff8510dc3e8:   48 8b 0d b1 16 c8 00 e9 5c ea ff ff cc cc cc cc
0x00007ff8510dc3f8:   cc cc cc cc cc cc cc cc 48 8b 05 b1 66 cd 00 48
0x00007ff8510dc408:   8b d1 48 23 c1 48 a9 00 f0 00 00 75 5d 48 8b 05
0x00007ff8510dc418:   94 66 cd 00 48 23 c1 48 a9 00 f0 00 00 75 43 0f
0x00007ff8510dc428:   b6 c2 24 30 3c 30 74 3a 48 c1 e9 0c 48 8d 05 f5
0x00007ff8510dc438:   4a 94 00 83 e1 0f 8b 0c 88 48 8b 05 30 66 cd 00
0x00007ff8510dc448:   48 d3 ea 48 c1 e8 15 48 c1 ea 15 48 23 d0 48 8b
0x00007ff8510dc458:   05 13 69 cd 00 48 8b 48 60 48 8b 04 d1 48 85 c0
0x00007ff8510dc468:   75 08 48 8b 05 07 69 cd 00 c3 48 8b 05 f7 68 cd
0x00007ff8510dc478:   00 c3 cc cc cc cc cc cc 8b 05 b2 3b c2 00 c3 cc
0x00007ff8510dc488:   cc cc cc cc cc cc cc cc 0f b6 05 d8 50 c2 00 48
0x00007ff8510dc498:   8b d1 84 c0 74 16 44 8b 41 08 8b 0d 90 3b c2 00
0x00007ff8510dc4a8:   49 d3 e0 4c 03 05 7e 3b c2 00 eb 04 4c 8b 41 08
0x00007ff8510dc4b8:   45 8b 48 08 45 85 c9 7e 0e 41 f6 c1 01 75 53 41
0x00007ff8510dc4c8:   c1 f9 03 49 63 c1 c3 79 49 84 c0 41 b8 0c 00 00
0x00007ff8510dc4d8:   00 8b 05 c9 4c c2 00 b9 10 00 00 00 41 0f 45 c8
0x00007ff8510dc4e8:   ff c8 4c 63 c0 41 8b c1 48 c1 f8 10 0f b6 c0 48
0x00007ff8510dc4f8:   63 14 11 41 8b c9 83 e1 3f 48 d3 e2 49 8d 0c 10
0x00007ff8510dc508:   49 f7 d0 48 03 c1 49 c1 e8 03 48 c1 e8 03 49 23
0x00007ff8510dc518:   c0 c3 49 8b 00 49 8b c8 48 ff a0 00 01 00 00 cc
0x00007ff8510dc528:   cc cc cc cc cc cc cc cc 8b 44 24 30 45 03 c9 44
0x00007ff8510dc538:   2b 4c 24 28 83 c0 0b 44 03 ca 45 03 c8 41 03 c1
0x00007ff8510dc548:   c3 cc cc cc cc cc cc cc 4c 8b c2 48 8b d1 45 8b
0x00007ff8510dc558:   48 08 45 85 c9 7e 0e 41 f6 c1 01 75 56 41 c1 f9
0x00007ff8510dc568:   03 49 63 c1 c3 79 4c 80 3d f9 4f c2 00 00 b8 0c
0x00007ff8510dc578:   00 00 00 b9 10 00 00 00 0f 45 c8 8b 05 1f 4c c2
0x00007ff8510dc588:   00 ff c8 4c 63 c0 41 8b c1 48 c1 f8 10 48 63 14
0x00007ff8510dc598:   11 41 8b c9 83 e1 3f 0f b6 c0 48 d3 e2 49 8d 0c
0x00007ff8510dc5a8:   10 49 f7 d0 48 03 c1 49 c1 e8 03 48 c1 e8 03 49 


Stack slot to memory mapping:

stack at sp + 0 slots: 0x00007ff8517df1c8 jvm.dll
stack at sp + 1 slots: 0x0000022fed39fe00 points into unknown readable memory: 0x00007ff851b62888 | 88 28 b6 51 f8 7f 00 00
stack at sp + 2 slots: 0x000000ad3c0ff870 points into unknown readable memory: 0x00000000d67e27bc | bc 27 7e d6 00 00 00 00
stack at sp + 3 slots: 0x00000000d567dc98 is an oop: [C 
{0x00000000d567dc98} - klass: {type array char}
 - length: 51
stack at sp + 4 slots: 0x000000ad3bbe12d8 is pointing into the stack for thread: 0x0000022fed3ab390
stack at sp + 5 slots: 0x00000000d6bb3fa8 is an oop: [Ljdk.internal.vm.FillerElement; 
{0x00000000d6bb3fa8} - klass: {type array int}
 - length: 18
stack at sp + 6 slots: 0x00007ff8517df6cd jvm.dll
stack at sp + 7 slots: 0xffffffffffffffff is an unknown value


---------------  P R O C E S S  ---------------

Threads class SMR info:
_java_thread_list=0x0000022fcfbbf970, length=55, elements={
0x0000022feb0b9780, 0x0000022fed52daa0, 0x0000022fed3a3af0, 0x0000022fed3a4b50,
0x0000022fed3a6a60, 0x0000022fed3a9b10, 0x0000022fed3aa560, 0x0000022fed3ab390,
0x0000022fed4164c0, 0x0000022fc61472e0, 0x0000022fc63e5250, 0x0000022fc6a5b690,
0x0000022fcb1a0010, 0x0000022fc6ce1ee0, 0x0000022fc6cdf730, 0x0000022fcb30a5f0,
0x0000022fcb57b5d0, 0x0000022fcb621ee0, 0x0000022fcb622c00, 0x0000022fcb61fe10,
0x0000022fcb6204a0, 0x0000022fc6b94950, 0x0000022fc6b94fe0, 0x0000022fc6b935a0,
0x0000022fc6b921f0, 0x0000022fc6b93c30, 0x0000022fc6b92880, 0x0000022fc6b942c0,
0x0000022fc6b91b60, 0x0000022fc6b92f10, 0x0000022fc6b96a20, 0x0000022fce209c20,
0x0000022fce5ca2e0, 0x0000022fce5cc3b0, 0x0000022fce5cb690, 0x0000022fce20a2b0,
0x0000022fce20eae0, 0x0000022fce210bb0, 0x0000022fc6b95670, 0x0000022fcd406b70,
0x0000022fcd40d470, 0x0000022fcd40c750, 0x0000022fcd40c0c0, 0x0000022fcd4064e0,
0x0000022fcd40ad10, 0x0000022fcd40cde0, 0x0000022fcd40b3a0, 0x0000022fcd40ba30,
0x0000022fce20c380, 0x0000022fce209590, 0x0000022fce20d730, 0x0000022fce20afd0,
0x0000022fce20a940, 0x0000022fce20fe90, 0x0000022fcd4085b0
}

Java Threads: ( => current thread )
  0x0000022feb0b9780 JavaThread "main"                              [_thread_blocked, id=2792, stack(0x000000ad3b100000,0x000000ad3b200000) (1024K)]
  0x0000022fed52daa0 JavaThread "Reference Handler"          daemon [_thread_blocked, id=11188, stack(0x000000ad3b500000,0x000000ad3b600000) (1024K)]
  0x0000022fed3a3af0 JavaThread "Finalizer"                  daemon [_thread_blocked, id=12032, stack(0x000000ad3b600000,0x000000ad3b700000) (1024K)]
  0x0000022fed3a4b50 JavaThread "Signal Dispatcher"          daemon [_thread_blocked, id=5996, stack(0x000000ad3b700000,0x000000ad3b800000) (1024K)]
  0x0000022fed3a6a60 JavaThread "Attach Listener"            daemon [_thread_blocked, id=12344, stack(0x000000ad3b800000,0x000000ad3b900000) (1024K)]
  0x0000022fed3a9b10 JavaThread "Service Thread"             daemon [_thread_blocked, id=4668, stack(0x000000ad3b900000,0x000000ad3ba00000) (1024K)]
  0x0000022fed3aa560 JavaThread "Monitor Deflation Thread"   daemon [_thread_blocked, id=10004, stack(0x000000ad3ba00000,0x000000ad3bb00000) (1024K)]
  0x0000022fed3ab390 JavaThread "C2 CompilerThread0"         daemon [_thread_blocked, id=12148, stack(0x000000ad3bb00000,0x000000ad3bc00000) (1024K)]
  0x0000022fed4164c0 JavaThread "C1 CompilerThread0"         daemon [_thread_blocked, id=12424, stack(0x000000ad3bc00000,0x000000ad3bd00000) (1024K)]
  0x0000022fc61472e0 JavaThread "Common-Cleaner"             daemon [_thread_blocked, id=14616, stack(0x000000ad3bd00000,0x000000ad3be00000) (1024K)]
  0x0000022fc63e5250 JavaThread "Notification Thread"        daemon [_thread_blocked, id=1920, stack(0x000000ad3bf00000,0x000000ad3c000000) (1024K)]
  0x0000022fc6a5b690 JavaThread "Active Thread: Equinox Container: 952e8fb9-61ab-457d-8f21-4f83956ebb48"        [_thread_blocked, id=272, stack(0x000000ad3c500000,0x000000ad3c600000) (1024K)]
  0x0000022fcb1a0010 JavaThread "Refresh Thread: Equinox Container: 952e8fb9-61ab-457d-8f21-4f83956ebb48" daemon [_thread_blocked, id=3936, stack(0x000000ad3c600000,0x000000ad3c700000) (1024K)]
  0x0000022fc6ce1ee0 JavaThread "Framework Event Dispatcher: Equinox Container: 952e8fb9-61ab-457d-8f21-4f83956ebb48" daemon [_thread_blocked, id=8340, stack(0x000000ad3c700000,0x000000ad3c800000) (1024K)]
  0x0000022fc6cdf730 JavaThread "Start Level: Equinox Container: 952e8fb9-61ab-457d-8f21-4f83956ebb48" daemon [_thread_blocked, id=8052, stack(0x000000ad3c800000,0x000000ad3c900000) (1024K)]
  0x0000022fcb30a5f0 JavaThread "Bundle File Closer"         daemon [_thread_blocked, id=2720, stack(0x000000ad3c900000,0x000000ad3ca00000) (1024K)]
  0x0000022fcb57b5d0 JavaThread "SCR Component Actor"        daemon [_thread_blocked, id=10016, stack(0x000000ad3ca00000,0x000000ad3cb00000) (1024K)]
  0x0000022fcb621ee0 JavaThread "Worker-JM"                         [_thread_blocked, id=9952, stack(0x000000ad3cc00000,0x000000ad3cd00000) (1024K)]
  0x0000022fcb622c00 JavaThread "Java indexing"              daemon [_thread_blocked, id=4556, stack(0x000000ad3cf00000,0x000000ad3d000000) (1024K)]
  0x0000022fcb61fe10 JavaThread "Worker-2"                          [_thread_blocked, id=12944, stack(0x000000ad3d000000,0x000000ad3d100000) (1024K)]
  0x0000022fcb6204a0 JavaThread "JNA Cleaner"                daemon [_thread_blocked, id=10832, stack(0x000000ad3be00000,0x000000ad3bf00000) (1024K)]
  0x0000022fc6b94950 JavaThread "Thread-2"                   daemon [_thread_in_native, id=10104, stack(0x000000ad3d500000,0x000000ad3d600000) (1024K)]
  0x0000022fc6b94fe0 JavaThread "Thread-3"                   daemon [_thread_in_native, id=1452, stack(0x000000ad3d600000,0x000000ad3d700000) (1024K)]
  0x0000022fc6b935a0 JavaThread "Thread-4"                   daemon [_thread_in_native, id=5172, stack(0x000000ad3d700000,0x000000ad3d800000) (1024K)]
  0x0000022fc6b921f0 JavaThread "Thread-5"                   daemon [_thread_in_native, id=6752, stack(0x000000ad3d800000,0x000000ad3d900000) (1024K)]
  0x0000022fc6b93c30 JavaThread "Thread-6"                   daemon [_thread_in_native, id=4952, stack(0x000000ad3d900000,0x000000ad3da00000) (1024K)]
  0x0000022fc6b92880 JavaThread "Thread-7"                   daemon [_thread_in_native, id=2432, stack(0x000000ad3da00000,0x000000ad3db00000) (1024K)]
  0x0000022fc6b942c0 JavaThread "Thread-8"                   daemon [_thread_in_native, id=14908, stack(0x000000ad3db00000,0x000000ad3dc00000) (1024K)]
  0x0000022fc6b91b60 JavaThread "pool-2-thread-1"                   [_thread_blocked, id=8360, stack(0x000000ad3dc00000,0x000000ad3dd00000) (1024K)]
  0x0000022fc6b92f10 JavaThread "WorkspaceEventsHandler"            [_thread_blocked, id=1792, stack(0x000000ad3de00000,0x000000ad3df00000) (1024K)]
  0x0000022fc6b96a20 JavaThread "pool-1-thread-1"                   [_thread_blocked, id=12432, stack(0x000000ad3df00000,0x000000ad3e000000) (1024K)]
  0x0000022fce209c20 JavaThread "Worker-6"                          [_thread_blocked, id=8432, stack(0x000000ad3e200000,0x000000ad3e300000) (1024K)]
  0x0000022fce5ca2e0 JavaThread "Cleaner-0"                  daemon [_thread_blocked, id=10952, stack(0x000000ad3ae00000,0x000000ad3af00000) (1024K)]
  0x0000022fce5cc3b0 JavaThread "Java Debug Server"          daemon [_thread_in_native, id=8040, stack(0x000000ad3e000000,0x000000ad3e100000) (1024K)]
  0x0000022fce5cb690 JavaThread "pool-23-thread-1"                  [_thread_in_native, id=13956, stack(0x000000ad3e900000,0x000000ad3ea00000) (1024K)]
  0x0000022fce20a2b0 JavaThread "RxSchedulerPurge-1"         daemon [_thread_blocked, id=3716, stack(0x000000ad3ea00000,0x000000ad3eb00000) (1024K)]
  0x0000022fce20eae0 JavaThread "RxCachedWorkerPoolEvictor-1" daemon [_thread_blocked, id=9696, stack(0x000000ad3eb00000,0x000000ad3ec00000) (1024K)]
  0x0000022fce210bb0 JavaThread "RxNewThreadScheduler-1"     daemon [_thread_blocked, id=9584, stack(0x000000ad3ec00000,0x000000ad3ed00000) (1024K)]
  0x0000022fc6b95670 JavaThread "process reaper (pid 10584)" daemon [_thread_in_native, id=11768, stack(0x000000ad3ab70000,0x000000ad3ab90000) (128K)]
  0x0000022fcd406b70 JavaThread "ForkJoinPool.commonPool-worker-8" daemon [_thread_blocked, id=9772, stack(0x000000ad3b000000,0x000000ad3b100000) (1024K)]
  0x0000022fcd40d470 JavaThread "ForkJoinPool.commonPool-worker-9" daemon [_thread_blocked, id=12728, stack(0x000000ad3cb00000,0x000000ad3cc00000) (1024K)]
  0x0000022fcd40c750 JavaThread "ForkJoinPool.commonPool-worker-10" daemon [_thread_blocked, id=10588, stack(0x000000ad3cd00000,0x000000ad3ce00000) (1024K)]
  0x0000022fcd40c0c0 JavaThread "ForkJoinPool.commonPool-worker-11" daemon [_thread_blocked, id=3840, stack(0x000000ad3ce00000,0x000000ad3cf00000) (1024K)]
  0x0000022fcd4064e0 JavaThread "Worker-9"                          [_thread_blocked, id=15992, stack(0x000000ad3af00000,0x000000ad3b000000) (1024K)]
  0x0000022fcd40ad10 JavaThread "Compiler Source File Reader" daemon [_thread_blocked, id=16012, stack(0x000000ad3d100000,0x000000ad3d200000) (1024K)]
  0x0000022fcd40cde0 JavaThread "Compiler Processing Task"   daemon [_thread_blocked, id=15984, stack(0x000000ad3d200000,0x000000ad3d300000) (1024K)]
  0x0000022fcd40b3a0 JavaThread "ForkJoinPool.commonPool-worker-12" daemon [_thread_blocked, id=16172, stack(0x000000ad3d300000,0x000000ad3d400000) (1024K)]
  0x0000022fcd40ba30 JavaThread "Worker-10"                         [_thread_blocked, id=16176, stack(0x000000ad3d400000,0x000000ad3d500000) (1024K)]
  0x0000022fce20c380 JavaThread "Compiler Source File Reader" daemon [_thread_blocked, id=16256, stack(0x000000ad3dd00000,0x000000ad3de00000) (1024K)]
  0x0000022fce209590 JavaThread "Worker-11"                         [_thread_blocked, id=16224, stack(0x000000ad3e100000,0x000000ad3e200000) (1024K)]
  0x0000022fce20d730 JavaThread "Compiler Source File Reader" daemon [_thread_blocked, id=16000, stack(0x000000ad3e300000,0x000000ad3e400000) (1024K)]
  0x0000022fce20afd0 JavaThread "Compiler Source File Reader" daemon [_thread_blocked, id=12404, stack(0x000000ad3e400000,0x000000ad3e500000) (1024K)]
  0x0000022fce20a940 JavaThread "Worker-12"                         [_thread_blocked, id=15624, stack(0x000000ad3e500000,0x000000ad3e600000) (1024K)]
  0x0000022fce20fe90 JavaThread "Worker-13"                         [_thread_blocked, id=16088, stack(0x000000ad3e600000,0x000000ad3e700000) (1024K)]
  0x0000022fcd4085b0 JavaThread "pool-1-thread-5"                   [_thread_blocked, id=6836, stack(0x000000ad3e700000,0x000000ad3e800000) (1024K)]
Total: 55

Other Threads:
  0x0000022fed3a0a50 VMThread "VM Thread"                           [id=2280, stack(0x000000ad3b400000,0x000000ad3b500000) (1024K)]
  0x0000022fed2fca00 WatcherThread "VM Periodic Task Thread"        [id=7204, stack(0x000000ad3b300000,0x000000ad3b400000) (1024K)]
  0x0000022fed48a530 WorkerThread "GC Thread#0"                     [id=10784, stack(0x000000ad3b200000,0x000000ad3b300000) (1024K)]
=>0x0000022fc6b304c0 WorkerThread "GC Thread#1"                     [id=4052, stack(0x000000ad3c000000,0x000000ad3c100000) (1024K)]
  0x0000022fc6605450 WorkerThread "GC Thread#2"                     [id=12680, stack(0x000000ad3c100000,0x000000ad3c200000) (1024K)]
  0x0000022fc660baf0 WorkerThread "GC Thread#3"                     [id=1492, stack(0x000000ad3c200000,0x000000ad3c300000) (1024K)]
  0x0000022fc660be90 WorkerThread "GC Thread#4"                     [id=4628, stack(0x000000ad3c300000,0x000000ad3c400000) (1024K)]
  0x0000022fc660c230 WorkerThread "GC Thread#5"                     [id=2268, stack(0x000000ad3c400000,0x000000ad3c500000) (1024K)]
Total: 8

Threads with active compile tasks:
Total: 0

VM state: at safepoint (normal execution)

VM Mutex/Monitor currently owned by a thread:  ([mutex/lock_event])
[0x00007ff851d85458] Threads_lock - owner thread: 0x0000022fed3a0a50
[0x00007ff851d85558] Heap_lock - owner thread: 0x0000022fcb622c00

Heap address: 0x0000000080000000, size: 2048 MB, Compressed Oops mode: 32-bit

CDS archive(s) mapped at: [0x0000022f84000000-0x0000022f84ba0000-0x0000022f84ba0000), size 12189696, SharedBaseAddress: 0x0000022f84000000, ArchiveRelocationMode: 1.
Compressed class space mapped at: 0x0000022f85000000-0x0000022fc5000000, reserved size: 1073741824
Narrow klass base: 0x0000022f84000000, Narrow klass shift: 0, Narrow klass range: 0x100000000

GC Precious Log:
 CardTable entry size: 512
 CPUs: 6 total, 6 available
 Memory: 8038M
 Large Page Support: Disabled
 NUMA Support: Disabled
 Compressed Oops: Enabled (32-bit)
 Alignments: Space 512K, Generation 512K, Heap 2M
 Heap Min Capacity: 100M
 Heap Initial Capacity: 100M
 Heap Max Capacity: 2G
 Pre-touch: Disabled
 Parallel Workers: 6

Heap:
 PSYoungGen      total 10240K, used 10141K [0x00000000d5580000, 0x00000000d7100000, 0x0000000100000000)
  eden space 7680K, 98% used [0x00000000d5580000,0x00000000d5ce7618,0x00000000d5d00000)
  from space 2560K, 100% used [0x00000000d5e00000,0x00000000d6080000,0x00000000d6080000)
  to   space 10240K, 64% used [0x00000000d6700000,0x00000000d6d74000,0x00000000d7100000)
 ParOldGen       total 589312K, used 589212K [0x0000000080000000, 0x00000000a3f80000, 0x00000000d5580000)
  object space 589312K, 99% used [0x0000000080000000,0x00000000a3f673c8,0x00000000a3f80000)
 Metaspace       used 100250K, committed 102144K, reserved 1179648K
  class space    used 10020K, committed 10944K, reserved 1048576K

Card table byte_map: [0x0000022fece10000,0x0000022fed220000] _byte_map_base: 0x0000022feca10000

Marking Bits: (ParMarkBitMap*) 0x00007ff851d8a340
 Begin Bits: [0x0000022f80000000, 0x0000022f82000000)
 End Bits:   [0x0000022f82000000, 0x0000022f84000000)

Polling page: 0x0000022feb2d0000

Metaspace:

Usage:
  Non-class:     88.11 MB used.
      Class:      9.79 MB used.
       Both:     97.90 MB used.

Virtual space:
  Non-class space:      128.00 MB reserved,      89.06 MB ( 70%) committed,  2 nodes.
      Class space:        1.00 GB reserved,      10.69 MB (  1%) committed,  1 nodes.
             Both:        1.12 GB reserved,      99.75 MB (  9%) committed. 

Chunk freelists:
   Non-Class:  6.95 MB
       Class:  5.42 MB
        Both:  12.37 MB

MaxMetaspaceSize: unlimited
CompressedClassSpaceSize: 1.00 GB
Initial GC threshold: 21.00 MB
Current GC threshold: 166.06 MB
CDS: on
 - commit_granule_bytes: 65536.
 - commit_granule_words: 8192.
 - virtual_space_node_default_size: 8388608.
 - enlarge_chunks_in_place: 1.
 - use_allocation_guard: 0.


Internal statistics:

num_allocs_failed_limit: 9.
num_arena_births: 2122.
num_arena_deaths: 264.
num_vsnodes_births: 3.
num_vsnodes_deaths: 0.
num_space_committed: 1610.
num_space_uncommitted: 12.
num_chunks_returned_to_freelist: 405.
num_chunks_taken_from_freelist: 7269.
num_chunk_merges: 96.
num_chunk_splits: 4283.
num_chunks_enlarged: 2373.
num_inconsistent_stats: 0.

CodeHeap 'non-profiled nmethods': size=120000Kb used=16942Kb max_used=19505Kb free=103057Kb
 bounds [0x0000022ff8130000, 0x0000022ff9440000, 0x0000022fff660000]
CodeHeap 'profiled nmethods': size=120000Kb used=27663Kb max_used=43309Kb free=92336Kb
 bounds [0x0000022ff0660000, 0x0000022ff30b0000, 0x0000022ff7b90000]
CodeHeap 'non-nmethods': size=5760Kb used=1546Kb max_used=1655Kb free=4213Kb
 bounds [0x0000022ff7b90000, 0x0000022ff7e00000, 0x0000022ff8130000]
CodeCache: size=245760Kb, used=46151Kb, max_used=64469Kb, free=199606Kb
 total_blobs=12406, nmethods=11530, adapters=776, full_count=0
Compilation: enabled, stopped_count=0, restarted_count=0

Compilation events (20 events):
Event: 1607.821 Thread 0x0000022fed4164c0 30139       3       org.eclipse.jdt.internal.core.dom.rewrite.ASTRewriteFormatter$FormattingPrefix::<init> (38 bytes)
Event: 1607.822 Thread 0x0000022fed4164c0 nmethod 30139 0x0000022ff0a03710 code [0x0000022ff0a038e0, 0x0000022ff0a03be8]
Event: 1607.822 Thread 0x0000022fed4164c0 30140       3       org.eclipse.jdt.internal.core.dom.rewrite.ASTRewriteAnalyzer::voidVisit (6 bytes)
Event: 1607.822 Thread 0x0000022fed4164c0 nmethod 30140 0x0000022ff0963690 code [0x0000022ff0963840, 0x0000022ff0963988]
Event: 1607.822 Thread 0x0000022fed4164c0 30141       3       org.eclipse.jdt.core.dom.MethodDeclaration::internalGetSetChildProperty (190 bytes)
Event: 1607.822 Thread 0x0000022fed3ab390 30143       4       java.lang.invoke.DirectMethodHandle$Holder::invokeStatic (14 bytes)
Event: 1607.822 Thread 0x0000022fed4164c0 nmethod 30141 0x0000022ff0a99410 code [0x0000022ff0a997e0, 0x0000022ff0a9ae80]
Event: 1607.822 Thread 0x0000022fed4164c0 30142       3       org.eclipse.jdt.core.dom.MethodInvocation::internalGetChildListProperty (30 bytes)
Event: 1607.823 Thread 0x0000022fed3ab390 nmethod 30143 0x0000022ff835cb90 code [0x0000022ff835cd20, 0x0000022ff835ce00]
Event: 1607.823 Thread 0x0000022fed4164c0 nmethod 30142 0x0000022ff0723a90 code [0x0000022ff0723cc0, 0x0000022ff07242e8]
Event: 1608.077 Thread 0x0000022fed3ab390 30144       4       org.eclipse.lsp4j.jsonrpc.messages.Either::forLeft (10 bytes)
Event: 1608.078 Thread 0x0000022fed3ab390 nmethod 30144 0x0000022ff81fc290 code [0x0000022ff81fc420, 0x0000022ff81fc4f0]
Event: 1608.080 Thread 0x0000022fed3ab390 30145       4       java.util.concurrent.locks.LockSupport::setCurrentBlocker (14 bytes)
Event: 1608.080 Thread 0x0000022fed3ab390 nmethod 30145 0x0000022ff81fd510 code [0x0000022ff81fd680, 0x0000022ff81fd710]
Event: 1608.095 Thread 0x0000022fed4164c0 30146       3       org.eclipse.core.internal.resources.ContentDescriptionManager$LazyFileInputStream::read (15 bytes)
Event: 1608.095 Thread 0x0000022fed4164c0 nmethod 30146 0x0000022ff086b590 code [0x0000022ff086b740, 0x0000022ff086b980]
Event: 1608.095 Thread 0x0000022fed4164c0 30147   !   3       org.eclipse.core.internal.resources.ContentDescriptionManager$LazyFileInputStream::ensureOpened (73 bytes)
Event: 1608.096 Thread 0x0000022fed4164c0 nmethod 30147 0x0000022ff10dd990 code [0x0000022ff10ddbe0, 0x0000022ff10de7d0]
Event: 1608.096 Thread 0x0000022fed4164c0 30148       3       org.eclipse.jdt.internal.compiler.parser.Parser::consumeEnterInstanceCreationArgumentList (1 bytes)
Event: 1608.096 Thread 0x0000022fed4164c0 nmethod 30148 0x0000022ff07ba090 code [0x0000022ff07ba220, 0x0000022ff07ba328]

GC Heap History (20 events):
Event: 1606.698 GC heap after
{Heap after GC invocations=4931 (full 14):
 PSYoungGen      total 9728K, used 4672K [0x00000000d5580000, 0x00000000d6480000, 0x0000000100000000)
  eden space 4608K, 0% used [0x00000000d5580000,0x00000000d5580000,0x00000000d5a00000)
  from space 5120K, 91% used [0x00000000d5f80000,0x00000000d6410000,0x00000000d6480000)
  to   space 5120K, 0% used [0x00000000d5a80000,0x00000000d5a80000,0x00000000d5f80000)
 ParOldGen       total 526336K, used 526119K [0x0000000080000000, 0x00000000a0200000, 0x00000000d5580000)
  object space 526336K, 99% used [0x0000000080000000,0x00000000a01c9e88,0x00000000a0200000)
 Metaspace       used 100241K, committed 102144K, reserved 1179648K
  class space    used 10020K, committed 10944K, reserved 1048576K
}
Event: 1606.708 GC heap before
{Heap before GC invocations=4932 (full 14):
 PSYoungGen      total 9728K, used 9038K [0x00000000d5580000, 0x00000000d6480000, 0x0000000100000000)
  eden space 4608K, 94% used [0x00000000d5580000,0x00000000d59c3a00,0x00000000d5a00000)
  from space 5120K, 91% used [0x00000000d5f80000,0x00000000d6410000,0x00000000d6480000)
  to   space 5120K, 0% used [0x00000000d5a80000,0x00000000d5a80000,0x00000000d5f80000)
 ParOldGen       total 526336K, used 526119K [0x0000000080000000, 0x00000000a0200000, 0x00000000d5580000)
  object space 526336K, 99% used [0x0000000080000000,0x00000000a01c9e88,0x00000000a0200000)
 Metaspace       used 100241K, committed 102144K, reserved 1179648K
  class space    used 10020K, committed 10944K, reserved 1048576K
}
Event: 1606.714 GC heap after
{Heap after GC invocations=4932 (full 14):
 PSYoungGen      total 10240K, used 4124K [0x00000000d5580000, 0x00000000d6400000, 0x0000000100000000)
  eden space 5120K, 0% used [0x00000000d5580000,0x00000000d5580000,0x00000000d5a80000)
  from space 5120K, 80% used [0x00000000d5a80000,0x00000000d5e87000,0x00000000d5f80000)
  to   space 4608K, 0% used [0x00000000d5f80000,0x00000000d5f80000,0x00000000d6400000)
 ParOldGen       total 530944K, used 530743K [0x0000000080000000, 0x00000000a0680000, 0x00000000d5580000)
  object space 530944K, 99% used [0x0000000080000000,0x00000000a064de88,0x00000000a0680000)
 Metaspace       used 100241K, committed 102144K, reserved 1179648K
  class space    used 10020K, committed 10944K, reserved 1048576K
}
Event: 1606.761 GC heap before
{Heap before GC invocations=4933 (full 14):
 PSYoungGen      total 10240K, used 9243K [0x00000000d5580000, 0x00000000d6400000, 0x0000000100000000)
  eden space 5120K, 99% used [0x00000000d5580000,0x00000000d5a7fff0,0x00000000d5a80000)
  from space 5120K, 80% used [0x00000000d5a80000,0x00000000d5e87000,0x00000000d5f80000)
  to   space 4608K, 0% used [0x00000000d5f80000,0x00000000d5f80000,0x00000000d6400000)
 ParOldGen       total 530944K, used 530743K [0x0000000080000000, 0x00000000a0680000, 0x00000000d5580000)
  object space 530944K, 99% used [0x0000000080000000,0x00000000a064de88,0x00000000a0680000)
 Metaspace       used 100241K, committed 102144K, reserved 1179648K
  class space    used 10020K, committed 10944K, reserved 1048576K
}
Event: 1606.766 GC heap after
{Heap after GC invocations=4933 (full 14):
 PSYoungGen      total 9216K, used 3648K [0x00000000d5580000, 0x00000000d6380000, 0x0000000100000000)
  eden space 5120K, 0% used [0x00000000d5580000,0x00000000d5580000,0x00000000d5a80000)
  from space 4096K, 89% used [0x00000000d5f80000,0x00000000d6310000,0x00000000d6380000)
  to   space 4096K, 0% used [0x00000000d5b80000,0x00000000d5b80000,0x00000000d5f80000)
 ParOldGen       total 535040K, used 534575K [0x0000000080000000, 0x00000000a0a80000, 0x00000000d5580000)
  object space 535040K, 99% used [0x0000000080000000,0x00000000a0a0be88,0x00000000a0a80000)
 Metaspace       used 100241K, committed 102144K, reserved 1179648K
  class space    used 10020K, committed 10944K, reserved 1048576K
}
Event: 1606.773 GC heap before
{Heap before GC invocations=4934 (full 14):
 PSYoungGen      total 9216K, used 8768K [0x00000000d5580000, 0x00000000d6380000, 0x0000000100000000)
  eden space 5120K, 100% used [0x00000000d5580000,0x00000000d5a80000,0x00000000d5a80000)
  from space 4096K, 89% used [0x00000000d5f80000,0x00000000d6310000,0x00000000d6380000)
  to   space 4096K, 0% used [0x00000000d5b80000,0x00000000d5b80000,0x00000000d5f80000)
 ParOldGen       total 535040K, used 534575K [0x0000000080000000, 0x00000000a0a80000, 0x00000000d5580000)
  object space 535040K, 99% used [0x0000000080000000,0x00000000a0a0be88,0x00000000a0a80000)
 Metaspace       used 100241K, committed 102144K, reserved 1179648K
  class space    used 10020K, committed 10944K, reserved 1048576K
}
Event: 1606.778 GC heap after
{Heap after GC invocations=4934 (full 14):
 PSYoungGen      total 10240K, used 4065K [0x00000000d5580000, 0x00000000d6c80000, 0x0000000100000000)
  eden space 6144K, 0% used [0x00000000d5580000,0x00000000d5580000,0x00000000d5b80000)
  from space 4096K, 99% used [0x00000000d5b80000,0x00000000d5f78480,0x00000000d5f80000)
  to   space 8704K, 0% used [0x00000000d6400000,0x00000000d6400000,0x00000000d6c80000)
 ParOldGen       total 538624K, used 538343K [0x0000000080000000, 0x00000000a0e00000, 0x00000000d5580000)
  object space 538624K, 99% used [0x0000000080000000,0x00000000a0db9e88,0x00000000a0e00000)
 Metaspace       used 100241K, committed 102144K, reserved 1179648K
  class space    used 10020K, committed 10944K, reserved 1048576K
}
Event: 1606.784 GC heap before
{Heap before GC invocations=4935 (full 14):
 PSYoungGen      total 10240K, used 10082K [0x00000000d5580000, 0x00000000d6c80000, 0x0000000100000000)
  eden space 6144K, 97% used [0x00000000d5580000,0x00000000d5b60528,0x00000000d5b80000)
  from space 4096K, 99% used [0x00000000d5b80000,0x00000000d5f78480,0x00000000d5f80000)
  to   space 8704K, 0% used [0x00000000d6400000,0x00000000d6400000,0x00000000d6c80000)
 ParOldGen       total 538624K, used 538343K [0x0000000080000000, 0x00000000a0e00000, 0x00000000d5580000)
  object space 538624K, 99% used [0x0000000080000000,0x00000000a0db9e88,0x00000000a0e00000)
 Metaspace       used 100241K, committed 102144K, reserved 1179648K
  class space    used 10020K, committed 10944K, reserved 1048576K
}
Event: 1606.789 GC heap after
{Heap after GC invocations=4935 (full 14):
 PSYoungGen      total 13824K, used 5778K [0x00000000d5580000, 0x00000000d6a00000, 0x0000000100000000)
  eden space 7680K, 0% used [0x00000000d5580000,0x00000000d5580000,0x00000000d5d00000)
  from space 6144K, 94% used [0x00000000d6400000,0x00000000d69a4bf8,0x00000000d6a00000)
  to   space 6656K, 0% used [0x00000000d5d00000,0x00000000d5d00000,0x00000000d6380000)
 ParOldGen       total 542720K, used 542424K [0x0000000080000000, 0x00000000a1200000, 0x00000000d5580000)
  object space 542720K, 99% used [0x0000000080000000,0x00000000a11b6308,0x00000000a1200000)
 Metaspace       used 100241K, committed 102144K, reserved 1179648K
  class space    used 10020K, committed 10944K, reserved 1048576K
}
Event: 1606.826 GC heap before
{Heap before GC invocations=4936 (full 14):
 PSYoungGen      total 13824K, used 13458K [0x00000000d5580000, 0x00000000d6a00000, 0x0000000100000000)
  eden space 7680K, 100% used [0x00000000d5580000,0x00000000d5d00000,0x00000000d5d00000)
  from space 6144K, 94% used [0x00000000d6400000,0x00000000d69a4bf8,0x00000000d6a00000)
  to   space 6656K, 0% used [0x00000000d5d00000,0x00000000d5d00000,0x00000000d6380000)
 ParOldGen       total 574464K, used 573144K [0x0000000080000000, 0x00000000a3100000, 0x00000000d5580000)
  object space 574464K, 99% used [0x0000000080000000,0x00000000a2fb6338,0x00000000a3100000)
 Metaspace       used 100241K, committed 102144K, reserved 1179648K
  class space    used 10020K, committed 10944K, reserved 1048576K
}
Event: 1606.831 GC heap after
{Heap after GC invocations=4936 (full 14):
 PSYoungGen      total 10240K, used 2368K [0x00000000d5580000, 0x00000000d6680000, 0x0000000100000000)
  eden space 7680K, 0% used [0x00000000d5580000,0x00000000d5580000,0x00000000d5d00000)
  from space 2560K, 92% used [0x00000000d5d00000,0x00000000d5f50000,0x00000000d5f80000)
  to   space 4096K, 0% used [0x00000000d6280000,0x00000000d6280000,0x00000000d6680000)
 ParOldGen       total 577024K, used 576760K [0x0000000080000000, 0x00000000a3380000, 0x00000000d5580000)
  object space 577024K, 99% used [0x0000000080000000,0x00000000a333e338,0x00000000a3380000)
 Metaspace       used 100241K, committed 102144K, reserved 1179648K
  class space    used 10020K, committed 10944K, reserved 1048576K
}
Event: 1607.338 GC heap before
{Heap before GC invocations=4937 (full 14):
 PSYoungGen      total 10240K, used 10048K [0x00000000d5580000, 0x00000000d6680000, 0x0000000100000000)
  eden space 7680K, 100% used [0x00000000d5580000,0x00000000d5d00000,0x00000000d5d00000)
  from space 2560K, 92% used [0x00000000d5d00000,0x00000000d5f50000,0x00000000d5f80000)
  to   space 4096K, 0% used [0x00000000d6280000,0x00000000d6280000,0x00000000d6680000)
 ParOldGen       total 577024K, used 576760K [0x0000000080000000, 0x00000000a3380000, 0x00000000d5580000)
  object space 577024K, 99% used [0x0000000080000000,0x00000000a333e338,0x00000000a3380000)
 Metaspace       used 100243K, committed 102144K, reserved 1179648K
  class space    used 10020K, committed 10944K, reserved 1048576K
}
Event: 1607.342 GC heap after
{Heap after GC invocations=4937 (full 14):
 PSYoungGen      total 9216K, used 1193K [0x00000000d5580000, 0x00000000d6400000, 0x0000000100000000)
  eden space 7680K, 0% used [0x00000000d5580000,0x00000000d5580000,0x00000000d5d00000)
  from space 1536K, 77% used [0x00000000d6280000,0x00000000d63aa420,0x00000000d6400000)
  to   space 2048K, 0% used [0x00000000d6000000,0x00000000d6000000,0x00000000d6200000)
 ParOldGen       total 579072K, used 579048K [0x0000000080000000, 0x00000000a3580000, 0x00000000d5580000)
  object space 579072K, 99% used [0x0000000080000000,0x00000000a357a338,0x00000000a3580000)
 Metaspace       used 100243K, committed 102144K, reserved 1179648K
  class space    used 10020K, committed 10944K, reserved 1048576K
}
Event: 1607.824 GC heap before
{Heap before GC invocations=4938 (full 14):
 PSYoungGen      total 9216K, used 8873K [0x00000000d5580000, 0x00000000d6400000, 0x0000000100000000)
  eden space 7680K, 100% used [0x00000000d5580000,0x00000000d5d00000,0x00000000d5d00000)
  from space 1536K, 77% used [0x00000000d6280000,0x00000000d63aa420,0x00000000d6400000)
  to   space 2048K, 0% used [0x00000000d6000000,0x00000000d6000000,0x00000000d6200000)
 ParOldGen       total 579072K, used 579048K [0x0000000080000000, 0x00000000a3580000, 0x00000000d5580000)
  object space 579072K, 99% used [0x0000000080000000,0x00000000a357a338,0x00000000a3580000)
 Metaspace       used 100249K, committed 102144K, reserved 1179648K
  class space    used 10020K, committed 10944K, reserved 1048576K
}
Event: 1607.825 GC heap after
{Heap after GC invocations=4938 (full 14):
 PSYoungGen      total 9728K, used 224K [0x00000000d5580000, 0x00000000d6300000, 0x0000000100000000)
  eden space 7680K, 0% used [0x00000000d5580000,0x00000000d5580000,0x00000000d5d00000)
  from space 2048K, 10% used [0x00000000d6000000,0x00000000d6038000,0x00000000d6200000)
  to   space 1024K, 0% used [0x00000000d6200000,0x00000000d6200000,0x00000000d6300000)
 ParOldGen       total 580096K, used 579717K [0x0000000080000000, 0x00000000a3680000, 0x00000000d5580000)
  object space 580096K, 99% used [0x0000000080000000,0x00000000a3621548,0x00000000a3680000)
 Metaspace       used 100249K, committed 102144K, reserved 1179648K
  class space    used 10020K, committed 10944K, reserved 1048576K
}
Event: 1608.105 GC heap before
{Heap before GC invocations=4939 (full 14):
 PSYoungGen      total 9728K, used 7904K [0x00000000d5580000, 0x00000000d6300000, 0x0000000100000000)
  eden space 7680K, 100% used [0x00000000d5580000,0x00000000d5d00000,0x00000000d5d00000)
  from space 2048K, 10% used [0x00000000d6000000,0x00000000d6038000,0x00000000d6200000)
  to   space 1024K, 0% used [0x00000000d6200000,0x00000000d6200000,0x00000000d6300000)
 ParOldGen       total 580096K, used 579717K [0x0000000080000000, 0x00000000a3680000, 0x00000000d5580000)
  object space 580096K, 99% used [0x0000000080000000,0x00000000a3621548,0x00000000a3680000)
 Metaspace       used 100250K, committed 102144K, reserved 1179648K
  class space    used 10020K, committed 10944K, reserved 1048576K
}
Event: 1608.107 GC heap after
{Heap after GC invocations=4939 (full 14):
 PSYoungGen      total 8704K, used 1023K [0x00000000d5580000, 0x00000000d6300000, 0x0000000100000000)
  eden space 7680K, 0% used [0x00000000d5580000,0x00000000d5580000,0x00000000d5d00000)
  from space 1024K, 99% used [0x00000000d6200000,0x00000000d62fff38,0x00000000d6300000)
  to   space 2560K, 0% used [0x00000000d5e00000,0x00000000d5e00000,0x00000000d6080000)
 ParOldGen       total 581120K, used 580477K [0x0000000080000000, 0x00000000a3780000, 0x00000000d5580000)
  object space 581120K, 99% used [0x0000000080000000,0x00000000a36df480,0x00000000a3780000)
 Metaspace       used 100250K, committed 102144K, reserved 1179648K
  class space    used 10020K, committed 10944K, reserved 1048576K
}
Event: 1608.118 GC heap before
{Heap before GC invocations=4940 (full 14):
 PSYoungGen      total 8704K, used 8703K [0x00000000d5580000, 0x00000000d6300000, 0x0000000100000000)
  eden space 7680K, 100% used [0x00000000d5580000,0x00000000d5d00000,0x00000000d5d00000)
  from space 1024K, 99% used [0x00000000d6200000,0x00000000d62fff38,0x00000000d6300000)
  to   space 2560K, 0% used [0x00000000d5e00000,0x00000000d5e00000,0x00000000d6080000)
 ParOldGen       total 581120K, used 580477K [0x0000000080000000, 0x00000000a3780000, 0x00000000d5580000)
  object space 581120K, 99% used [0x0000000080000000,0x00000000a36df480,0x00000000a3780000)
 Metaspace       used 100250K, committed 102144K, reserved 1179648K
  class space    used 10020K, committed 10944K, reserved 1048576K
}
Event: 1608.125 GC heap after
{Heap after GC invocations=4940 (full 14):
 PSYoungGen      total 10240K, used 2560K [0x00000000d5580000, 0x00000000d7100000, 0x0000000100000000)
  eden space 7680K, 0% used [0x00000000d5580000,0x00000000d5580000,0x00000000d5d00000)
  from space 2560K, 100% used [0x00000000d5e00000,0x00000000d6080000,0x00000000d6080000)
  to   space 10240K, 0% used [0x00000000d6700000,0x00000000d6700000,0x00000000d7100000)
 ParOldGen       total 586752K, used 586612K [0x0000000080000000, 0x00000000a3d00000, 0x00000000d5580000)
  object space 586752K, 99% used [0x0000000080000000,0x00000000a3cdd3c8,0x00000000a3d00000)
 Metaspace       used 100250K, committed 102144K, reserved 1179648K
  class space    used 10020K, committed 10944K, reserved 1048576K
}
Event: 1608.152 GC heap before
{Heap before GC invocations=4941 (full 14):
 PSYoungGen      total 10240K, used 10141K [0x00000000d5580000, 0x00000000d7100000, 0x0000000100000000)
  eden space 7680K, 98% used [0x00000000d5580000,0x00000000d5ce7618,0x00000000d5d00000)
  from space 2560K, 100% used [0x00000000d5e00000,0x00000000d6080000,0x00000000d6080000)
  to   space 10240K, 0% used [0x00000000d6700000,0x00000000d6700000,0x00000000d7100000)
 ParOldGen       total 586752K, used 586612K [0x0000000080000000, 0x00000000a3d00000, 0x00000000d5580000)
  object space 586752K, 99% used [0x0000000080000000,0x00000000a3cdd3c8,0x00000000a3d00000)
 Metaspace       used 100250K, committed 102144K, reserved 1179648K
  class space    used 10020K, committed 10944K, reserved 1048576K
}

Dll operation events (14 events):
Event: 0.012 Loaded shared library c:\Users\aluno.den\.vscode\extensions\redhat.java-1.45.0-win32-x64\jre\21.0.8-win32-x86_64\bin\java.dll
Event: 0.127 Loaded shared library c:\Users\aluno.den\.vscode\extensions\redhat.java-1.45.0-win32-x64\jre\21.0.8-win32-x86_64\bin\zip.dll
Event: 0.153 Loaded shared library C:\Users\aluno.den\.vscode\extensions\redhat.java-1.45.0-win32-x64\jre\21.0.8-win32-x86_64\bin\instrument.dll
Event: 0.161 Loaded shared library C:\Users\aluno.den\.vscode\extensions\redhat.java-1.45.0-win32-x64\jre\21.0.8-win32-x86_64\bin\net.dll
Event: 0.163 Loaded shared library C:\Users\aluno.den\.vscode\extensions\redhat.java-1.45.0-win32-x64\jre\21.0.8-win32-x86_64\bin\nio.dll
Event: 0.167 Loaded shared library C:\Users\aluno.den\.vscode\extensions\redhat.java-1.45.0-win32-x64\jre\21.0.8-win32-x86_64\bin\zip.dll
Event: 0.185 Loaded shared library C:\Users\aluno.den\.vscode\extensions\redhat.java-1.45.0-win32-x64\jre\21.0.8-win32-x86_64\bin\jimage.dll
Event: 0.270 Loaded shared library c:\Users\aluno.den\.vscode\extensions\redhat.java-1.45.0-win32-x64\jre\21.0.8-win32-x86_64\bin\verify.dll
Event: 1.594 Loaded shared library C:\Users\aluno.den\AppData\Roaming\Code\User\globalStorage\redhat.java\1.45.0\config_win\org.eclipse.equinox.launcher\org.eclipse.equinox.launcher.win32.win32.x86_64_1.2.1400.v20250801-0854\eclipse_11916.dll
Event: 3.009 Loaded shared library C:\Users\aluno.den\.vscode\extensions\redhat.java-1.45.0-win32-x64\jre\21.0.8-win32-x86_64\bin\management.dll
Event: 3.012 Loaded shared library C:\Users\aluno.den\.vscode\extensions\redhat.java-1.45.0-win32-x64\jre\21.0.8-win32-x86_64\bin\management_ext.dll
Event: 6.670 Loaded shared library C:\Users\aluno.den\AppData\Local\Temp\jna--267533174\jna11460382130208318735.dll
Event: 11.255 Loaded shared library C:\Users\aluno.den\.vscode\extensions\redhat.java-1.45.0-win32-x64\jre\21.0.8-win32-x86_64\bin\sunmscapi.dll
Event: 12.823 Loaded shared library C:\Users\aluno.den\.vscode\extensions\redhat.java-1.45.0-win32-x64\jre\21.0.8-win32-x86_64\bin\extnet.dll

Deoptimization events (20 events):
Event: 1605.655 Thread 0x0000022fc6b96a20 Uncommon trap: trap_request=0xffffffc6 fr.pc=0x0000022ff88e1074 relative=0x0000000000000c54
Event: 1605.655 Thread 0x0000022fc6b96a20 Uncommon trap: reason=bimorphic_or_optimized_type_check action=maybe_recompile pc=0x0000022ff88e1074 method=org.eclipse.jdt.internal.compiler.lookup.ClassScope.buildFields()V @ 186 c2
Event: 1605.655 Thread 0x0000022fc6b96a20 DEOPT PACKING pc=0x0000022ff88e1074 sp=0x000000ad3dffe2b0
Event: 1605.655 Thread 0x0000022fc6b96a20 DEOPT UNPACKING pc=0x0000022ff7be3aa2 sp=0x000000ad3dffe210 mode 2
Event: 1605.663 Thread 0x0000022fc6b96a20 Uncommon trap: trap_request=0xffffff45 fr.pc=0x0000022ff8ca9aa4 relative=0x00000000000047c4
Event: 1605.663 Thread 0x0000022fc6b96a20 Uncommon trap: reason=unstable_if action=reinterpret pc=0x0000022ff8ca9aa4 method=org.eclipse.jdt.internal.compiler.ClassFile.addProblemMethod(Lorg/eclipse/jdt/internal/compiler/ast/AbstractMethodDeclaration;Lorg/eclipse/jdt/internal/compiler/lookup/Metho
Event: 1605.663 Thread 0x0000022fc6b96a20 DEOPT PACKING pc=0x0000022ff8ca9aa4 sp=0x000000ad3dffd7c0
Event: 1605.663 Thread 0x0000022fc6b96a20 DEOPT UNPACKING pc=0x0000022ff7be3aa2 sp=0x000000ad3dffd7b0 mode 2
Event: 1606.397 Thread 0x0000022fcd40b3a0 Uncommon trap: trap_request=0xffffff45 fr.pc=0x0000022ff892e90c relative=0x000000000000142c
Event: 1606.397 Thread 0x0000022fcd40b3a0 Uncommon trap: reason=unstable_if action=reinterpret pc=0x0000022ff892e90c method=org.eclipse.jdt.internal.core.dom.rewrite.ASTRewriteAnalyzer.ensureSpaceBeforeReplace(Lorg/eclipse/jdt/core/dom/ASTNode;)V @ 5 c2
Event: 1606.397 Thread 0x0000022fcd40b3a0 DEOPT PACKING pc=0x0000022ff892e90c sp=0x000000ad3d3fd810
Event: 1606.397 Thread 0x0000022fcd40b3a0 DEOPT UNPACKING pc=0x0000022ff7be3aa2 sp=0x000000ad3d3fd5b0 mode 2
Event: 1606.404 Thread 0x0000022fcd40b3a0 Uncommon trap: trap_request=0xffffffbe fr.pc=0x0000022ff87344d4 relative=0x0000000000000994
Event: 1606.404 Thread 0x0000022fcd40b3a0 Uncommon trap: reason=profile_predicate action=maybe_recompile pc=0x0000022ff87344d4 method=org.eclipse.jdt.internal.compiler.lookup.Scope.getMatchingUninitializedType(Lorg/eclipse/jdt/internal/compiler/lookup/TypeBinding;Z)Lorg/eclipse/jdt/internal/compi
Event: 1606.404 Thread 0x0000022fcd40b3a0 DEOPT PACKING pc=0x0000022ff87344d4 sp=0x000000ad3d3fdb90
Event: 1606.404 Thread 0x0000022fcd40b3a0 DEOPT UNPACKING pc=0x0000022ff7be3aa2 sp=0x000000ad3d3fda18 mode 2
Event: 1606.405 Thread 0x0000022fcd40b3a0 Uncommon trap: trap_request=0xffffffbe fr.pc=0x0000022ff87344d4 relative=0x0000000000000994
Event: 1606.405 Thread 0x0000022fcd40b3a0 Uncommon trap: reason=profile_predicate action=maybe_recompile pc=0x0000022ff87344d4 method=org.eclipse.jdt.internal.compiler.lookup.Scope.getMatchingUninitializedType(Lorg/eclipse/jdt/internal/compiler/lookup/TypeBinding;Z)Lorg/eclipse/jdt/internal/compi
Event: 1606.405 Thread 0x0000022fcd40b3a0 DEOPT PACKING pc=0x0000022ff87344d4 sp=0x000000ad3d3fdb90
Event: 1606.405 Thread 0x0000022fcd40b3a0 DEOPT UNPACKING pc=0x0000022ff7be3aa2 sp=0x000000ad3d3fda18 mode 2

Classes loaded (20 events):
Event: 1523.495 Loading class jdk/internal/module/IllegalAccessLogger
Event: 1523.495 Loading class jdk/internal/module/IllegalAccessLogger done
Event: 1528.535 Loading class jdk/internal/module/IllegalAccessLogger
Event: 1528.535 Loading class jdk/internal/module/IllegalAccessLogger done
Event: 1529.006 Loading class jdk/internal/icu/text/NormalizerBase$NFCModeImpl
Event: 1529.006 Loading class jdk/internal/icu/text/NormalizerBase$NFCModeImpl done
Event: 1529.006 Loading class jdk/internal/icu/impl/Norm2AllModes$NFCSingleton
Event: 1529.007 Loading class jdk/internal/icu/impl/Norm2AllModes$NFCSingleton done
Event: 1567.155 Loading class jdk/internal/module/IllegalAccessLogger
Event: 1567.155 Loading class jdk/internal/module/IllegalAccessLogger done
Event: 1570.279 Loading class jdk/internal/module/IllegalAccessLogger
Event: 1570.279 Loading class jdk/internal/module/IllegalAccessLogger done
Event: 1595.470 Loading class jdk/internal/module/IllegalAccessLogger
Event: 1595.470 Loading class jdk/internal/module/IllegalAccessLogger done
Event: 1597.525 Loading class jdk/internal/module/IllegalAccessLogger
Event: 1597.525 Loading class jdk/internal/module/IllegalAccessLogger done
Event: 1602.194 Loading class jdk/internal/module/IllegalAccessLogger
Event: 1602.194 Loading class jdk/internal/module/IllegalAccessLogger done
Event: 1606.794 Loading class jdk/internal/module/IllegalAccessLogger
Event: 1606.794 Loading class jdk/internal/module/IllegalAccessLogger done

Classes unloaded (20 events):
Event: 1500.172 Thread 0x0000022fed3a0a50 Unloading class 0x0000022f8508ac00 'java/lang/invoke/LambdaForm$MH+0x0000022f8508ac00'
Event: 1500.172 Thread 0x0000022fed3a0a50 Unloading class 0x0000022f8501ec00 'java/lang/invoke/LambdaForm$MH+0x0000022f8501ec00'
Event: 1500.172 Thread 0x0000022fed3a0a50 Unloading class 0x0000022f8500d800 'java/lang/invoke/LambdaForm$MH+0x0000022f8500d800'
Event: 1500.172 Thread 0x0000022fed3a0a50 Unloading class 0x0000022f8500d400 'java/lang/invoke/LambdaForm$MH+0x0000022f8500d400'
Event: 1500.172 Thread 0x0000022fed3a0a50 Unloading class 0x0000022f8500d000 'java/lang/invoke/LambdaForm$MH+0x0000022f8500d000'
Event: 1500.172 Thread 0x0000022fed3a0a50 Unloading class 0x0000022f8500cc00 'java/lang/invoke/LambdaForm$MH+0x0000022f8500cc00'
Event: 1500.172 Thread 0x0000022fed3a0a50 Unloading class 0x0000022f8500c800 'java/lang/invoke/LambdaForm$BMH+0x0000022f8500c800'
Event: 1500.172 Thread 0x0000022fed3a0a50 Unloading class 0x0000022f8500c000 'java/lang/invoke/LambdaForm$DMH+0x0000022f8500c000'
Event: 1500.172 Thread 0x0000022fed3a0a50 Unloading class 0x0000022f85008c00 'java/lang/invoke/LambdaForm$MH+0x0000022f85008c00'
Event: 1500.172 Thread 0x0000022fed3a0a50 Unloading class 0x0000022f85008800 'java/lang/invoke/LambdaForm$MH+0x0000022f85008800'
Event: 1500.172 Thread 0x0000022fed3a0a50 Unloading class 0x0000022f85008400 'java/lang/invoke/LambdaForm$MH+0x0000022f85008400'
Event: 1500.172 Thread 0x0000022fed3a0a50 Unloading class 0x0000022f85007000 'java/lang/invoke/LambdaForm$MH+0x0000022f85007000'
Event: 1500.172 Thread 0x0000022fed3a0a50 Unloading class 0x0000022f85006800 'java/lang/invoke/LambdaForm$MH+0x0000022f85006800'
Event: 1500.172 Thread 0x0000022fed3a0a50 Unloading class 0x0000022f85006400 'java/lang/invoke/LambdaForm$MH+0x0000022f85006400'
Event: 1500.172 Thread 0x0000022fed3a0a50 Unloading class 0x0000022f85006000 'java/lang/invoke/LambdaForm$MH+0x0000022f85006000'
Event: 1500.172 Thread 0x0000022fed3a0a50 Unloading class 0x0000022f85005c00 'java/lang/invoke/LambdaForm$BMH+0x0000022f85005c00'
Event: 1500.172 Thread 0x0000022fed3a0a50 Unloading class 0x0000022f85004800 'java/lang/invoke/LambdaForm$DMH+0x0000022f85004800'
Event: 1500.172 Thread 0x0000022fed3a0a50 Unloading class 0x0000022f85002400 'java/lang/invoke/LambdaForm$MH+0x0000022f85002400'
Event: 1500.172 Thread 0x0000022fed3a0a50 Unloading class 0x0000022f85002000 'java/lang/invoke/LambdaForm$MH+0x0000022f85002000'
Event: 1500.172 Thread 0x0000022fed3a0a50 Unloading class 0x0000022f85001800 'java/lang/invoke/LambdaForm$MH+0x0000022f85001800'

Classes redefined (0 events):
No events

Internal exceptions (20 events):
Event: 1597.391 Thread 0x0000022fcb622c00 Exception <a 'sun/nio/fs/WindowsException'{0x00000000d58cca10}> (0x00000000d58cca10) 
thrown [s\src\hotspot\share\prims\jni.cpp, line 520]
Event: 1597.549 Thread 0x0000022fcb622c00 Exception <a 'sun/nio/fs/WindowsException'{0x00000000d59be720}> (0x00000000d59be720) 
thrown [s\src\hotspot\share\prims\jni.cpp, line 520]
Event: 1598.253 Thread 0x0000022fcd406b70 Exception <a 'java/lang/ArrayIndexOutOfBoundsException'{0x00000000d5bc93a0}> (0x00000000d5bc93a0) 
thrown [s\src\hotspot\share\runtime\sharedRuntime.cpp, line 625]
Event: 1598.275 Thread 0x0000022fcd406b70 Exception <a 'java/lang/ArrayIndexOutOfBoundsException'{0x00000000d55ae018}> (0x00000000d55ae018) 
thrown [s\src\hotspot\share\runtime\sharedRuntime.cpp, line 625]
Event: 1598.555 Thread 0x0000022fcd406b70 Exception <a 'java/lang/ArrayIndexOutOfBoundsException'{0x00000000d5b53380}> (0x00000000d5b53380) 
thrown [s\src\hotspot\share\runtime\sharedRuntime.cpp, line 625]
Event: 1598.570 Thread 0x0000022fcd406b70 Exception <a 'java/lang/ArrayIndexOutOfBoundsException'{0x00000000d5b3f398}> (0x00000000d5b3f398) 
thrown [s\src\hotspot\share\runtime\sharedRuntime.cpp, line 625]
Event: 1599.557 Thread 0x0000022fcd406b70 Exception <a 'java/lang/ArrayIndexOutOfBoundsException'{0x00000000d5866d38}> (0x00000000d5866d38) 
thrown [s\src\hotspot\share\runtime\sharedRuntime.cpp, line 625]
Event: 1599.573 Thread 0x0000022fcd406b70 Exception <a 'java/lang/ArrayIndexOutOfBoundsException'{0x00000000d5842998}> (0x00000000d5842998) 
thrown [s\src\hotspot\share\runtime\sharedRuntime.cpp, line 625]
Event: 1600.204 Thread 0x0000022fcd406b70 Exception <a 'java/lang/ArrayIndexOutOfBoundsException'{0x00000000d58ca3b8}> (0x00000000d58ca3b8) 
thrown [s\src\hotspot\share\runtime\sharedRuntime.cpp, line 625]
Event: 1600.220 Thread 0x0000022fcd406b70 Exception <a 'java/lang/ArrayIndexOutOfBoundsException'{0x00000000d572a588}> (0x00000000d572a588) 
thrown [s\src\hotspot\share\runtime\sharedRuntime.cpp, line 625]
Event: 1600.786 Thread 0x0000022fc6b96a20 Exception <a 'java/lang/ArrayIndexOutOfBoundsException'{0x00000000d57e7118}> (0x00000000d57e7118) 
thrown [s\src\hotspot\share\runtime\sharedRuntime.cpp, line 625]
Event: 1600.789 Thread 0x0000022fc6b96a20 Exception <a 'java/lang/ArrayIndexOutOfBoundsException'{0x00000000d59d3850}> (0x00000000d59d3850) 
thrown [s\src\hotspot\share\runtime\sharedRuntime.cpp, line 625]
Event: 1601.031 Thread 0x0000022fcd40b3a0 Exception <a 'java/lang/ArrayIndexOutOfBoundsException'{0x00000000d5903e28}> (0x00000000d5903e28) 
thrown [s\src\hotspot\share\runtime\sharedRuntime.cpp, line 625]
Event: 1601.049 Thread 0x0000022fcd40b3a0 Exception <a 'java/lang/ArrayIndexOutOfBoundsException'{0x00000000d57cc7e0}> (0x00000000d57cc7e0) 
thrown [s\src\hotspot\share\runtime\sharedRuntime.cpp, line 625]
Event: 1601.791 Thread 0x0000022fcb622c00 Exception <a 'sun/nio/fs/WindowsException'{0x00000000d5581740}> (0x00000000d5581740) 
thrown [s\src\hotspot\share\prims\jni.cpp, line 520]
Event: 1602.269 Thread 0x0000022fcb622c00 Exception <a 'sun/nio/fs/WindowsException'{0x00000000d55fb6e8}> (0x00000000d55fb6e8) 
thrown [s\src\hotspot\share\prims\jni.cpp, line 520]
Event: 1605.652 Thread 0x0000022fc6b96a20 Exception <a 'java/lang/ArrayIndexOutOfBoundsException'{0x00000000d5988870}> (0x00000000d5988870) 
thrown [s\src\hotspot\share\runtime\sharedRuntime.cpp, line 625]
Event: 1606.659 Thread 0x0000022fcb622c00 Exception <a 'sun/nio/fs/WindowsException'{0x00000000d584d708}> (0x00000000d584d708) 
thrown [s\src\hotspot\share\prims\jni.cpp, line 520]
Event: 1606.817 Thread 0x0000022fcb622c00 Exception <a 'sun/nio/fs/WindowsException'{0x00000000d5b0cc40}> (0x00000000d5b0cc40) 
thrown [s\src\hotspot\share\prims\jni.cpp, line 520]
Event: 1608.096 Thread 0x0000022fcb622c00 Exception <a 'sun/nio/fs/WindowsException'{0x00000000d5ac8688}> (0x00000000d5ac8688) 
thrown [s\src\hotspot\share\prims\jni.cpp, line 520]

ZGC Phase Switch (0 events):
No events

VM Operations (20 events):
Event: 1606.698 Executing VM operation: ParallelGCFailedAllocation (Allocation Failure) done
Event: 1606.708 Executing VM operation: ParallelGCFailedAllocation (Allocation Failure)
Event: 1606.714 Executing VM operation: ParallelGCFailedAllocation (Allocation Failure) done
Event: 1606.760 Executing VM operation: ParallelGCFailedAllocation (Allocation Failure)
Event: 1606.766 Executing VM operation: ParallelGCFailedAllocation (Allocation Failure) done
Event: 1606.773 Executing VM operation: ParallelGCFailedAllocation (Allocation Failure)
Event: 1606.778 Executing VM operation: ParallelGCFailedAllocation (Allocation Failure) done
Event: 1606.784 Executing VM operation: ParallelGCFailedAllocation (Allocation Failure)
Event: 1606.789 Executing VM operation: ParallelGCFailedAllocation (Allocation Failure) done
Event: 1606.826 Executing VM operation: ParallelGCFailedAllocation (Allocation Failure)
Event: 1606.831 Executing VM operation: ParallelGCFailedAllocation (Allocation Failure) done
Event: 1607.338 Executing VM operation: ParallelGCFailedAllocation (Allocation Failure)
Event: 1607.342 Executing VM operation: ParallelGCFailedAllocation (Allocation Failure) done
Event: 1607.824 Executing VM operation: ParallelGCFailedAllocation (Allocation Failure)
Event: 1607.825 Executing VM operation: ParallelGCFailedAllocation (Allocation Failure) done
Event: 1608.105 Executing VM operation: ParallelGCFailedAllocation (Allocation Failure)
Event: 1608.107 Executing VM operation: ParallelGCFailedAllocation (Allocation Failure) done
Event: 1608.118 Executing VM operation: ParallelGCFailedAllocation (Allocation Failure)
Event: 1608.125 Executing VM operation: ParallelGCFailedAllocation (Allocation Failure) done
Event: 1608.152 Executing VM operation: ParallelGCFailedAllocation (Allocation Failure)

Memory protections (0 events):
No events

Nmethod flushes (20 events):
Event: 1602.011 Thread 0x0000022fed3a0a50 flushing  nmethod 0x0000022ff2fc7a90
Event: 1602.011 Thread 0x0000022fed3a0a50 flushing  nmethod 0x0000022ff2fcf190
Event: 1602.011 Thread 0x0000022fed3a0a50 flushing  nmethod 0x0000022ff2fd0e10
Event: 1602.011 Thread 0x0000022fed3a0a50 flushing  nmethod 0x0000022ff2fdd190
Event: 1602.011 Thread 0x0000022fed3a0a50 flushing  nmethod 0x0000022ff2fe0810
Event: 1602.011 Thread 0x0000022fed3a0a50 flushing  nmethod 0x0000022ff2feb490
Event: 1602.011 Thread 0x0000022fed3a0a50 flushing  nmethod 0x0000022ff2fece90
Event: 1602.011 Thread 0x0000022fed3a0a50 flushing  nmethod 0x0000022ff3011210
Event: 1602.011 Thread 0x0000022fed3a0a50 flushing  nmethod 0x0000022ff301e390
Event: 1602.011 Thread 0x0000022fed3a0a50 flushing  nmethod 0x0000022ff3021790
Event: 1602.011 Thread 0x0000022fed3a0a50 flushing  nmethod 0x0000022ff3036890
Event: 1602.011 Thread 0x0000022fed3a0a50 flushing  nmethod 0x0000022ff3047390
Event: 1602.011 Thread 0x0000022fed3a0a50 flushing  nmethod 0x0000022ff3047890
Event: 1602.011 Thread 0x0000022fed3a0a50 flushing  nmethod 0x0000022ff3057b90
Event: 1602.011 Thread 0x0000022fed3a0a50 flushing  nmethod 0x0000022ff305f810
Event: 1602.011 Thread 0x0000022fed3a0a50 flushing  nmethod 0x0000022ff3060310
Event: 1602.011 Thread 0x0000022fed3a0a50 flushing  nmethod 0x0000022ff306eb10
Event: 1602.011 Thread 0x0000022fed3a0a50 flushing  nmethod 0x0000022ff3078090
Event: 1602.011 Thread 0x0000022fed3a0a50 flushing  nmethod 0x0000022ff3099190
Event: 1602.011 Thread 0x0000022fed3a0a50 flushing  nmethod 0x0000022ff30a5b10

Events (20 events):
Event: 1374.228 Thread 0x0000022fc6b97740 Thread exited: 0x0000022fc6b97740
Event: 1375.087 Thread 0x0000022fcb763740 Thread exited: 0x0000022fcb763740
Event: 1375.329 Thread 0x0000022fc6b99180 Thread added: 0x0000022fc6b97740
Event: 1375.329 Thread 0x0000022fc6b99180 Thread exited: 0x0000022fc6b99180
Event: 1380.343 Thread 0x0000022fc6b97740 Thread exited: 0x0000022fc6b97740
Event: 1385.567 Thread 0x0000022fc6b970b0 Thread exited: 0x0000022fc6b970b0
Event: 1419.622 Thread 0x0000022fed3ab390 Thread added: 0x0000022fcb763740
Event: 1420.064 Thread 0x0000022fcb763740 Thread exited: 0x0000022fcb763740
Event: 1439.317 Thread 0x0000022fed4164c0 Thread added: 0x0000022fcb763740
Event: 1439.902 Thread 0x0000022fcb763740 Thread exited: 0x0000022fcb763740
Event: 1481.945 Thread 0x0000022fed4164c0 Thread added: 0x0000022fcb760e60
Event: 1482.391 Thread 0x0000022fcb760e60 Thread exited: 0x0000022fcb760e60
Event: 1490.268 Thread 0x0000022fed3ab390 Thread added: 0x0000022fcb760e60
Event: 1490.562 Thread 0x0000022fcb760e60 Thread exited: 0x0000022fcb760e60
Event: 1557.071 Thread 0x0000022fce5c6e60 Thread exited: 0x0000022fce5c6e60
Event: 1565.848 Thread 0x0000022fc6b96a20 Thread added: 0x0000022fcd4085b0
Event: 1566.037 Thread 0x0000022fed4164c0 Thread added: 0x0000022fcd8c0700
Event: 1566.706 Thread 0x0000022fcd8c0700 Thread exited: 0x0000022fcd8c0700
Event: 1606.388 Thread 0x0000022fed4164c0 Thread added: 0x0000022fcd8c0700
Event: 1606.796 Thread 0x0000022fcd8c0700 Thread exited: 0x0000022fcd8c0700


Dynamic libraries:
0x00007ff772b70000 - 0x00007ff772b7e000 	c:\Users\aluno.den\.vscode\extensions\redhat.java-1.45.0-win32-x64\jre\21.0.8-win32-x86_64\bin\java.exe
0x00007ff8c4280000 - 0x00007ff8c44e9000 	C:\WINDOWS\SYSTEM32\ntdll.dll
0x00007ff8c38f0000 - 0x00007ff8c39b9000 	C:\WINDOWS\System32\KERNEL32.DLL
0x00007ff8c1590000 - 0x00007ff8c1983000 	C:\WINDOWS\System32\KERNELBASE.dll
0x00007ff8c1bd0000 - 0x00007ff8c1d1b000 	C:\WINDOWS\System32\ucrtbase.dll
0x00007ff8a9e00000 - 0x00007ff8a9e1e000 	c:\Users\aluno.den\.vscode\extensions\redhat.java-1.45.0-win32-x64\jre\21.0.8-win32-x86_64\bin\VCRUNTIME140.dll
0x00007ff8ab9c0000 - 0x00007ff8ab9d8000 	c:\Users\aluno.den\.vscode\extensions\redhat.java-1.45.0-win32-x64\jre\21.0.8-win32-x86_64\bin\jli.dll
0x00007ff8c3100000 - 0x00007ff8c32c4000 	C:\WINDOWS\System32\USER32.dll
0x00007ff8c14b0000 - 0x00007ff8c14d7000 	C:\WINDOWS\System32\win32u.dll
0x00007ff8c39c0000 - 0x00007ff8c39eb000 	C:\WINDOWS\System32\GDI32.dll
0x00007ff8c1f20000 - 0x00007ff8c204d000 	C:\WINDOWS\System32\gdi32full.dll
0x00007ff8ad510000 - 0x00007ff8ad7a3000 	C:\WINDOWS\WinSxS\amd64_microsoft.windows.common-controls_6595b64144ccf1df_6.0.26100.5074_none_3e0d6f78e32fd63f\COMCTL32.dll
0x00007ff8c14e0000 - 0x00007ff8c1583000 	C:\WINDOWS\System32\msvcp_win.dll
0x00007ff8c2630000 - 0x00007ff8c26d9000 	C:\WINDOWS\System32\msvcrt.dll
0x00007ff8c4180000 - 0x00007ff8c41af000 	C:\WINDOWS\System32\IMM32.DLL
0x00007ff8bc4c0000 - 0x00007ff8bc4cc000 	c:\Users\aluno.den\.vscode\extensions\redhat.java-1.45.0-win32-x64\jre\21.0.8-win32-x86_64\bin\vcruntime140_1.dll
0x00007ff8976c0000 - 0x00007ff89774d000 	c:\Users\aluno.den\.vscode\extensions\redhat.java-1.45.0-win32-x64\jre\21.0.8-win32-x86_64\bin\msvcp140.dll
0x00007ff8510d0000 - 0x00007ff851e67000 	c:\Users\aluno.den\.vscode\extensions\redhat.java-1.45.0-win32-x64\jre\21.0.8-win32-x86_64\bin\server\jvm.dll
0x00007ff8c26e0000 - 0x00007ff8c2794000 	C:\WINDOWS\System32\ADVAPI32.dll
0x00007ff8c2d90000 - 0x00007ff8c2e36000 	C:\WINDOWS\System32\sechost.dll
0x00007ff8c2b30000 - 0x00007ff8c2c48000 	C:\WINDOWS\System32\RPCRT4.dll
0x00007ff8c28a0000 - 0x00007ff8c2914000 	C:\WINDOWS\System32\WS2_32.dll
0x00007ff8b38c0000 - 0x00007ff8b38cb000 	C:\WINDOWS\SYSTEM32\VERSION.dll
0x00007ff8c1270000 - 0x00007ff8c12ce000 	C:\WINDOWS\SYSTEM32\POWRPROF.dll
0x00007ff8ad1a0000 - 0x00007ff8ad1d5000 	C:\WINDOWS\SYSTEM32\WINMM.dll
0x00007ff8c1250000 - 0x00007ff8c1264000 	C:\WINDOWS\SYSTEM32\UMPDC.dll
0x00007ff8c01b0000 - 0x00007ff8c01cb000 	C:\WINDOWS\SYSTEM32\kernel.appcore.dll
0x00007ff8b0540000 - 0x00007ff8b054a000 	c:\Users\aluno.den\.vscode\extensions\redhat.java-1.45.0-win32-x64\jre\21.0.8-win32-x86_64\bin\jimage.dll
0x00007ff8b2140000 - 0x00007ff8b2382000 	C:\WINDOWS\SYSTEM32\DBGHELP.DLL
0x00007ff8c2140000 - 0x00007ff8c24bb000 	C:\WINDOWS\System32\combase.dll
0x00007ff8c2050000 - 0x00007ff8c2127000 	C:\WINDOWS\System32\OLEAUT32.dll
0x00007ff8ab6b0000 - 0x00007ff8ab6ed000 	C:\WINDOWS\SYSTEM32\dbgcore.DLL
0x00007ff8c1410000 - 0x00007ff8c14a9000 	C:\WINDOWS\System32\bcryptPrimitives.dll
0x00007ff8b00d0000 - 0x00007ff8b00df000 	c:\Users\aluno.den\.vscode\extensions\redhat.java-1.45.0-win32-x64\jre\21.0.8-win32-x86_64\bin\instrument.dll
0x00007ff8a8f90000 - 0x00007ff8a8faf000 	c:\Users\aluno.den\.vscode\extensions\redhat.java-1.45.0-win32-x64\jre\21.0.8-win32-x86_64\bin\java.dll
0x00007ff8c3a30000 - 0x00007ff8c417d000 	C:\WINDOWS\System32\SHELL32.dll
0x00007ff8c1db0000 - 0x00007ff8c1f1c000 	C:\WINDOWS\System32\wintypes.dll
0x00007ff8bef90000 - 0x00007ff8bf7e9000 	C:\WINDOWS\SYSTEM32\windows.storage.dll
0x00007ff8c32d0000 - 0x00007ff8c33c0000 	C:\WINDOWS\System32\SHCORE.dll
0x00007ff8c2e40000 - 0x00007ff8c2ea2000 	C:\WINDOWS\System32\shlwapi.dll
0x00007ff8c1330000 - 0x00007ff8c1359000 	C:\WINDOWS\SYSTEM32\profapi.dll
0x00007ff8a78d0000 - 0x00007ff8a78e8000 	c:\Users\aluno.den\.vscode\extensions\redhat.java-1.45.0-win32-x64\jre\21.0.8-win32-x86_64\bin\zip.dll
0x00007ff8ab980000 - 0x00007ff8ab990000 	C:\Users\aluno.den\.vscode\extensions\redhat.java-1.45.0-win32-x64\jre\21.0.8-win32-x86_64\bin\net.dll
0x00007ff8ba690000 - 0x00007ff8ba7af000 	C:\WINDOWS\SYSTEM32\WINHTTP.dll
0x00007ff8c0710000 - 0x00007ff8c077b000 	C:\WINDOWS\system32\mswsock.dll
0x00007ff8a43a0000 - 0x00007ff8a43b6000 	C:\Users\aluno.den\.vscode\extensions\redhat.java-1.45.0-win32-x64\jre\21.0.8-win32-x86_64\bin\nio.dll
0x00007ff8a8c20000 - 0x00007ff8a8c30000 	c:\Users\aluno.den\.vscode\extensions\redhat.java-1.45.0-win32-x64\jre\21.0.8-win32-x86_64\bin\verify.dll
0x00007ff889c10000 - 0x00007ff889c54000 	C:\Users\aluno.den\AppData\Roaming\Code\User\globalStorage\redhat.java\1.45.0\config_win\org.eclipse.equinox.launcher\org.eclipse.equinox.launcher.win32.win32.x86_64_1.2.1400.v20250801-0854\eclipse_11916.dll
0x00007ff8c2f00000 - 0x00007ff8c3098000 	C:\WINDOWS\System32\ole32.dll
0x00007ff8bc400000 - 0x00007ff8bc40a000 	C:\Users\aluno.den\.vscode\extensions\redhat.java-1.45.0-win32-x64\jre\21.0.8-win32-x86_64\bin\management.dll
0x00007ff8b5260000 - 0x00007ff8b526b000 	C:\Users\aluno.den\.vscode\extensions\redhat.java-1.45.0-win32-x64\jre\21.0.8-win32-x86_64\bin\management_ext.dll
0x00007ff8c24c0000 - 0x00007ff8c24c8000 	C:\WINDOWS\System32\PSAPI.DLL
0x00007ff8c0ae0000 - 0x00007ff8c0afb000 	C:\WINDOWS\SYSTEM32\CRYPTSP.dll
0x00007ff8c0110000 - 0x00007ff8c014b000 	C:\WINDOWS\system32\rsaenh.dll
0x00007ff8c07b0000 - 0x00007ff8c07db000 	C:\WINDOWS\SYSTEM32\USERENV.dll
0x00007ff8c1300000 - 0x00007ff8c1326000 	C:\WINDOWS\SYSTEM32\bcrypt.dll
0x00007ff8c0ac0000 - 0x00007ff8c0acc000 	C:\WINDOWS\SYSTEM32\CRYPTBASE.dll
0x00007ff8bf900000 - 0x00007ff8bf934000 	C:\WINDOWS\SYSTEM32\IPHLPAPI.DLL
0x00007ff8c2130000 - 0x00007ff8c213a000 	C:\WINDOWS\System32\NSI.dll
0x00007ff8a46e0000 - 0x00007ff8a4729000 	C:\Users\aluno.den\AppData\Local\Temp\jna--267533174\jna11460382130208318735.dll
0x00007ff8bae10000 - 0x00007ff8bae2e000 	C:\WINDOWS\SYSTEM32\dhcpcsvc6.DLL
0x00007ff8baad0000 - 0x00007ff8baaf3000 	C:\WINDOWS\SYSTEM32\dhcpcsvc.DLL
0x00007ff8bc4b0000 - 0x00007ff8bc4be000 	C:\Users\aluno.den\.vscode\extensions\redhat.java-1.45.0-win32-x64\jre\21.0.8-win32-x86_64\bin\sunmscapi.dll
0x00007ff8c1a50000 - 0x00007ff8c1bc7000 	C:\WINDOWS\System32\CRYPT32.dll
0x00007ff8c0c30000 - 0x00007ff8c0c60000 	C:\WINDOWS\SYSTEM32\ncrypt.dll
0x00007ff8c0be0000 - 0x00007ff8c0c1f000 	C:\WINDOWS\SYSTEM32\NTASN1.dll
0x00007ff8bf980000 - 0x00007ff8bfaa6000 	C:\WINDOWS\SYSTEM32\DNSAPI.dll
0x00007ff8b9010000 - 0x00007ff8b901b000 	C:\Windows\System32\rasadhlp.dll
0x00007ff8bb530000 - 0x00007ff8bb5b6000 	C:\WINDOWS\System32\fwpuclnt.dll
0x00007ff8bc3a0000 - 0x00007ff8bc3a9000 	C:\Users\aluno.den\.vscode\extensions\redhat.java-1.45.0-win32-x64\jre\21.0.8-win32-x86_64\bin\extnet.dll

JVMTI agents:
c:\Users\aluno.den\.vscode\extensions\redhat.java-1.45.0-win32-x64\lombok\lombok-1.18.39-4050.jar path:c:\Users\aluno.den\.vscode\extensions\redhat.java-1.45.0-win32-x64\jre\21.0.8-win32-x86_64\bin\instrument.dll, loaded, initialized, instrumentlib options:none

dbghelp: loaded successfully - version: 4.0.5 - missing functions: none
symbol engine: initialized successfully - sym options: 0x614 - pdb path: .;c:\Users\aluno.den\.vscode\extensions\redhat.java-1.45.0-win32-x64\jre\21.0.8-win32-x86_64\bin;C:\WINDOWS\SYSTEM32;C:\WINDOWS\WinSxS\amd64_microsoft.windows.common-controls_6595b64144ccf1df_6.0.26100.5074_none_3e0d6f78e32fd63f;c:\Users\aluno.den\.vscode\extensions\redhat.java-1.45.0-win32-x64\jre\21.0.8-win32-x86_64\bin\server;C:\Users\aluno.den\AppData\Roaming\Code\User\globalStorage\redhat.java\1.45.0\config_win\org.eclipse.equinox.launcher\org.eclipse.equinox.launcher.win32.win32.x86_64_1.2.1400.v20250801-0854;C:\Users\aluno.den\AppData\Local\Temp\jna--267533174

VM Arguments:
jvm_args: --add-modules=ALL-SYSTEM --add-opens=java.base/java.util=ALL-UNNAMED --add-opens=java.base/java.lang=ALL-UNNAMED --add-opens=java.base/sun.nio.fs=ALL-UNNAMED -Declipse.application=org.eclipse.jdt.ls.core.id1 -Dosgi.bundles.defaultStartLevel=4 -Declipse.product=org.eclipse.jdt.ls.core.product -Djava.import.generatesMetadataFilesAtProjectRoot=false -DDetectVMInstallationsJob.disabled=true -Dfile.encoding=utf8 -XX:+UseParallelGC -XX:GCTimeRatio=4 -XX:AdaptiveSizePolicyWeight=90 -Dsun.zip.disableMemoryMapping=true -Xmx2G -Xms100m -Xlog:disable -javaagent:c:\Users\aluno.den\.vscode\extensions\redhat.java-1.45.0-win32-x64\lombok\lombok-1.18.39-4050.jar -XX:+HeapDumpOnOutOfMemoryError -XX:HeapDumpPath=c:\Users\aluno.den\AppData\Roaming\Code\User\workspaceStorage\a9e5d7464ea72fce68e2cea748165daf\redhat.java -Daether.dependencyCollector.impl=bf 
java_command: c:\Users\aluno.den\.vscode\extensions\redhat.java-1.45.0-win32-x64\server\plugins\org.eclipse.equinox.launcher_1.7.0.v20250519-0528.jar -configuration c:\Users\aluno.den\AppData\Roaming\Code\User\globalStorage\redhat.java\1.45.0\config_win -data c:\Users\aluno.den\AppData\Roaming\Code\User\workspaceStorage\a9e5d7464ea72fce68e2cea748165daf\redhat.java\jdt_ws --pipe=\\.\pipe\lsp-48f23b982aeb5805a2e9209473816630-sock
java_class_path (initial): c:\Users\aluno.den\.vscode\extensions\redhat.java-1.45.0-win32-x64\server\plugins\org.eclipse.equinox.launcher_1.7.0.v20250519-0528.jar
Launcher Type: SUN_STANDARD

[Global flags]
    uintx AdaptiveSizePolicyWeight                 = 90                                        {product} {command line}
     intx CICompilerCount                          = 3                                         {product} {ergonomic}
    uintx GCTimeRatio                              = 4                                         {product} {command line}
     bool HeapDumpOnOutOfMemoryError               = true                                   {manageable} {command line}
    ccstr HeapDumpPath                             = c:\Users\aluno.den\AppData\Roaming\Code\User\workspaceStorage\a9e5d7464ea72fce68e2cea748165daf\redhat.java         {manageable} {command line}
   size_t InitialHeapSize                          = 104857600                                 {product} {command line}
   size_t MaxHeapSize                              = 2147483648                                {product} {command line}
   size_t MaxNewSize                               = 715653120                                 {product} {ergonomic}
   size_t MinHeapDeltaBytes                        = 524288                                    {product} {ergonomic}
   size_t MinHeapSize                              = 104857600                                 {product} {command line}
   size_t NewSize                                  = 34603008                                  {product} {ergonomic}
    uintx NonNMethodCodeHeapSize                   = 5832780                                {pd product} {ergonomic}
    uintx NonProfiledCodeHeapSize                  = 122912730                              {pd product} {ergonomic}
   size_t OldSize                                  = 70254592                                  {product} {ergonomic}
    uintx ProfiledCodeHeapSize                     = 122912730                              {pd product} {ergonomic}
    uintx ReservedCodeCacheSize                    = 251658240                              {pd product} {ergonomic}
     bool SegmentedCodeCache                       = true                                      {product} {ergonomic}
   size_t SoftMaxHeapSize                          = 2147483648                             {manageable} {ergonomic}
     bool UseCompressedOops                        = true                           {product lp64_product} {ergonomic}
     bool UseLargePagesIndividualAllocation        = false                                  {pd product} {ergonomic}
     bool UseParallelGC                            = true                                      {product} {command line}

Logging:
Log output configuration:
 #0: stdout all=off uptime,level,tags foldmultilines=false
 #1: stderr all=off uptime,level,tags foldmultilines=false

Environment Variables:
PATH=C:\Program Files\OpenSSH-Win64;C:\Program Files\Common Files\Oracle\Java\javapath;C:\Program Files (x86)\Common Files\Oracle\Java\java8path;C:\Program Files (x86)\Common Files\Oracle\Java\javapath;C:\Program Files\Python312\Scripts\;C:\Program Files\Python312\;C:\Windows\system32;C:\Windows;C:\Windows\System32\Wbem;C:\Windows\System32\WindowsPowerShell\v1.0\;C:\Windows\System32\OpenSSH\;C:\Program Files\dotnet\;C:\Program Files\PuTTY\;C:\ProgramData\UNIVALI\Portugol Studio;C:\Program Files\nodejs\;C:\Program Files\Microsoft VS Code\bin;C:\xampp\php;C:\ProgramData\ComposerSetup\bin;C:\Program Files\Docker\Docker\resources\bin;C:\WINDOWS\system32;C:\WINDOWS;C:\WINDOWS\System32\Wbem;C:\WINDOWS\System32\WindowsPowerShell\v1.0\;C:\WINDOWS\System32\OpenSSH\;C:\flutter\bin;C:\Program Files\MongoDB\mongosh-2.4.2-win32-x64\mongosh-2.4.2-win32-x64\bin;C:\Program Files\Microsoft SQL Server\150\Tools\Binn\;C:\Program Files\Microsoft SQL Server\Client SDK\ODBC\170\Tools\Binn\;C:\Program Files\GitHub CLI\;C:\Program Files\Git\cmd;C:\Users\aluno.den\AppData\Local\Microsoft\WindowsApps;
USERNAME=aluno.den
OS=Windows_NT
PROCESSOR_IDENTIFIER=Intel64 Family 6 Model 158 Stepping 13, GenuineIntel
TMP=C:\Users\aluno.den\AppData\Local\Temp
TEMP=C:\Users\aluno.den\AppData\Local\Temp




Periodic native trim disabled

---------------  S Y S T E M  ---------------

OS:
 Windows 11 , 64 bit Build 26100 (10.0.26100.5074)
OS uptime: 0 days 1:09 hours
Hyper-V role detected

CPU: total 6 (initial active 6) (6 cores per cpu, 1 threads per core) family 6 model 158 stepping 13 microcode 0xde, cx8, cmov, fxsr, mmx, 3dnowpref, sse, sse2, sse3, ssse3, sse4.1, sse4.2, popcnt, lzcnt, tsc, tscinvbit, avx, avx2, aes, erms, clmul, bmi1, bmi2, adx, fma, vzeroupper, clflush, clflushopt, hv, rdtscp, f16c
Processor Information for the first 6 processors :
  Max Mhz: 2904, Current Mhz: 2904, Mhz Limit: 2904

Memory: 4k page, system-wide physical 8038M (1638M free)
TotalPageFile size 10598M (AvailPageFile size 1302M)
current process WorkingSet (physical memory assigned to process): 959M, peak: 1960M
current process commit charge ("private bytes"): 982M, peak: 1776M

vm_info: OpenJDK 64-Bit Server VM (21.0.8+9-LTS) for windows-amd64 JRE (21.0.8+9-LTS), built on 2025-07-15T00:00:00Z by "admin" with MS VC++ 17.7 (VS2022)

END.
